android/app/build/intermediates/manifest_merge_blame_file/debug/processDebugMainManifest/manifest-merger-blame-debug-report.txt
1<?xml version="1.0" encoding="utf-8"?>
2<manifest xmlns:android="http://schemas.android.com/apk/res/android"
3    package="com.lukafilmes.app"
4    android:versionCode="1"
5    android:versionName="1.0" >
6
7    <uses-sdk
8        android:minSdkVersion="24"
9        android:targetSdkVersion="34" />
10
11    <uses-permission android:name="android.permission.INTERNET" />
11-->src/main/AndroidManifest.xml:4:5-66
11-->src/main/AndroidManifest.xml:4:22-64
12
13    <application
13-->src/main/AndroidManifest.xml:6:5-27:19
14        android:allowBackup="true"
14-->src/main/AndroidManifest.xml:11:9-35
15        android:debuggable="true"
16        android:extractNativeLibs="false"
17        android:hardwareAccelerated="true"
17-->src/main/AndroidManifest.xml:10:9-43
18        android:icon="@drawable/lukafilmes"
18-->src/main/AndroidManifest.xml:8:9-44
19        android:label="@string/app_name"
19-->src/main/AndroidManifest.xml:7:9-41
20        android:supportsRtl="true"
20-->src/main/AndroidManifest.xml:12:9-35
21        android:usesCleartextTraffic="false" >
21-->src/main/AndroidManifest.xml:9:9-45
22        <activity
22-->src/main/AndroidManifest.xml:14:9-25:20
23            android:name="com.lukafilmes.app.MainActivity"
23-->src/main/AndroidManifest.xml:15:13-41
24            android:configChanges="orientation|screenSize|keyboardHidden|screenLayout|smallestScreenSize|uiMode"
24-->src/main/AndroidManifest.xml:17:13-113
25            android:exported="true"
25-->src/main/AndroidManifest.xml:16:13-36
26            android:windowSoftInputMode="adjustResize" >
26-->src/main/AndroidManifest.xml:18:13-55
27            <intent-filter>
27-->src/main/AndroidManifest.xml:20:13-23:29
28                <action android:name="android.intent.action.MAIN" />
28-->src/main/AndroidManifest.xml:21:17-68
28-->src/main/AndroidManifest.xml:21:25-66
29
30                <category android:name="android.intent.category.LAUNCHER" />
30-->src/main/AndroidManifest.xml:22:17-76
30-->src/main/AndroidManifest.xml:22:27-74
31            </intent-filter>
32        </activity>
33    </application>
34
35</manifest>